  Determining projects to restore...
  All projects are up-to-date for restore.
  Magidesk.Domain -> C:\Users\giris\Documents\Code\Redesign-POS\Windows Based POS\Magidesk\Magidesk.Domain\bin\Debug\net8.0\Magidesk.Domain.dll
  Magidesk.Application -> C:\Users\giris\Documents\Code\Redesign-POS\Windows Based POS\Magidesk\Magidesk.Application\bin\Debug\net8.0\Magidesk.Application.dll
  Magidesk.Infrastructure -> C:\Users\giris\Documents\Code\Redesign-POS\Windows Based POS\Magidesk\Magidesk.Infrastructure\bin\Debug\net8.0\Magidesk.Infrastructure.dll
C:\Users\giris\Documents\Code\Redesign-POS\Windows Based POS\Magidesk\ViewModels\TableMapViewModel.cs(6,7): warning CS0105: The using directive for 'Magidesk.Application.Queries' appeared previously in this namespace [C:\Users\giris\Documents\Code\Redesign-POS\Windows Based POS\Magidesk\Magidesk.Presentation.csproj]
C:\Users\giris\Documents\Code\Redesign-POS\Windows Based POS\Magidesk\ViewModels\TableMapViewModel.cs(7,7): warning CS0105: The using directive for 'Magidesk.Application.Commands' appeared previously in this namespace [C:\Users\giris\Documents\Code\Redesign-POS\Windows Based POS\Magidesk\Magidesk.Presentation.csproj]
C:\Users\giris\Documents\Code\Redesign-POS\Windows Based POS\Magidesk\ViewModels\BackOfficeViewModel.cs(28,12): warning CS8618: Non-nullable field '_currentPageType' must contain a non-null value when exiting constructor. Consider adding the 'required' modifier or declaring the field as nullable. [C:\Users\giris\Documents\Code\Redesign-POS\Windows Based POS\Magidesk\Magidesk.Presentation.csproj]
C:\Users\giris\Documents\Code\Redesign-POS\Windows Based POS\Magidesk\Views\BackOfficePage.xaml.cs(15,21): warning CS8601: Possible null reference assignment. [C:\Users\giris\Documents\Code\Redesign-POS\Windows Based POS\Magidesk\Magidesk.Presentation.csproj]
C:\Users\giris\Documents\Code\Redesign-POS\Windows Based POS\Magidesk\Views\BackOfficePage.xaml.cs(12,12): warning CS8618: Non-nullable property 'ViewModel' must contain a non-null value when exiting constructor. Consider adding the 'required' modifier or declaring the property as nullable. [C:\Users\giris\Documents\Code\Redesign-POS\Windows Based POS\Magidesk\Magidesk.Presentation.csproj]
C:\Users\giris\Documents\Code\Redesign-POS\Windows Based POS\Magidesk\Views\MenuEditorPage.xaml.cs(15,21): warning CS8601: Possible null reference assignment. [C:\Users\giris\Documents\Code\Redesign-POS\Windows Based POS\Magidesk\Magidesk.Presentation.csproj]
C:\Users\giris\Documents\Code\Redesign-POS\Windows Based POS\Magidesk\Views\MenuEditorPage.xaml.cs(12,12): warning CS8618: Non-nullable property 'ViewModel' must contain a non-null value when exiting constructor. Consider adding the 'required' modifier or declaring the property as nullable. [C:\Users\giris\Documents\Code\Redesign-POS\Windows Based POS\Magidesk\Magidesk.Presentation.csproj]
C:\Users\giris\Documents\Code\Redesign-POS\Windows Based POS\Magidesk\Views\MenuEditorPage.xaml.cs(21,23): error CS1061: 'MenuEditorViewModel' does not contain a definition for 'LoadDataCommand' and no accessible extension method 'LoadDataCommand' accepting a first argument of type 'MenuEditorViewModel' could be found (are you missing a using directive or an assembly reference?) [C:\Users\giris\Documents\Code\Redesign-POS\Windows Based POS\Magidesk\Magidesk.Presentation.csproj]
C:\Users\giris\Documents\Code\Redesign-POS\Windows Based POS\Magidesk\Views\MenuEditorPage.xaml.cs(23,23): error CS1061: 'MenuEditorViewModel' does not contain a definition for 'LoadDataCommand' and no accessible extension method 'LoadDataCommand' accepting a first argument of type 'MenuEditorViewModel' could be found (are you missing a using directive or an assembly reference?) [C:\Users\giris\Documents\Code\Redesign-POS\Windows Based POS\Magidesk\Magidesk.Presentation.csproj]
C:\Users\giris\Documents\Code\Redesign-POS\Windows Based POS\Magidesk\ViewModels\MenuEditorViewModel.cs(45,21): error CS0103: The name 'StatusMessage' does not exist in the current context [C:\Users\giris\Documents\Code\Redesign-POS\Windows Based POS\Magidesk\Magidesk.Presentation.csproj]
C:\Users\giris\Documents\Code\Redesign-POS\Windows Based POS\Magidesk\ViewModels\MenuEditorViewModel.cs(49,21): error CS0103: The name 'StatusMessage' does not exist in the current context [C:\Users\giris\Documents\Code\Redesign-POS\Windows Based POS\Magidesk\Magidesk.Presentation.csproj]
C:\Users\giris\Documents\Code\Redesign-POS\Windows Based POS\Magidesk\ViewModels\MenuEditorViewModel.cs(74,9): error CS0103: The name 'LoadDataCommand' does not exist in the current context [C:\Users\giris\Documents\Code\Redesign-POS\Windows Based POS\Magidesk\Magidesk.Presentation.csproj]
C:\Users\giris\Documents\Code\Redesign-POS\Windows Based POS\Magidesk\ViewModels\MenuEditorViewModel.cs(74,49): error CS0103: The name 'LoadDataAsync' does not exist in the current context [C:\Users\giris\Documents\Code\Redesign-POS\Windows Based POS\Magidesk\Magidesk.Presentation.csproj]
C:\Users\giris\Documents\Code\Redesign-POS\Windows Based POS\Magidesk\ViewModels\MenuEditorViewModel.cs(75,9): error CS0103: The name 'AddCategoryCommand' does not exist in the current context [C:\Users\giris\Documents\Code\Redesign-POS\Windows Based POS\Magidesk\Magidesk.Presentation.csproj]
C:\Users\giris\Documents\Code\Redesign-POS\Windows Based POS\Magidesk\ViewModels\MenuEditorViewModel.cs(78,9): error CS0103: The name 'AddGroupCommand' does not exist in the current context [C:\Users\giris\Documents\Code\Redesign-POS\Windows Based POS\Magidesk\Magidesk.Presentation.csproj]
C:\Users\giris\Documents\Code\Redesign-POS\Windows Based POS\Magidesk\ViewModels\MenuEditorViewModel.cs(78,50): error CS0103: The name 'StatusMessage' does not exist in the current context [C:\Users\giris\Documents\Code\Redesign-POS\Windows Based POS\Magidesk\Magidesk.Presentation.csproj]
C:\Users\giris\Documents\Code\Redesign-POS\Windows Based POS\Magidesk\ViewModels\MenuEditorViewModel.cs(79,9): error CS0103: The name 'AddItemCommand' does not exist in the current context [C:\Users\giris\Documents\Code\Redesign-POS\Windows Based POS\Magidesk\Magidesk.Presentation.csproj]
C:\Users\giris\Documents\Code\Redesign-POS\Windows Based POS\Magidesk\ViewModels\MenuEditorViewModel.cs(79,49): error CS0103: The name 'StatusMessage' does not exist in the current context [C:\Users\giris\Documents\Code\Redesign-POS\Windows Based POS\Magidesk\Magidesk.Presentation.csproj]
C:\Users\giris\Documents\Code\Redesign-POS\Windows Based POS\Magidesk\ViewModels\MenuEditorViewModel.cs(102,13): error CS0103: The name 'StatusMessage' does not exist in the current context [C:\Users\giris\Documents\Code\Redesign-POS\Windows Based POS\Magidesk\Magidesk.Presentation.csproj]
C:\Users\giris\Documents\Code\Redesign-POS\Windows Based POS\Magidesk\ViewModels\MenuEditorViewModel.cs(106,13): error CS0103: The name 'StatusMessage' does not exist in the current context [C:\Users\giris\Documents\Code\Redesign-POS\Windows Based POS\Magidesk\Magidesk.Presentation.csproj]
C:\Users\giris\Documents\Code\Redesign-POS\Windows Based POS\Magidesk\ViewModels\MenuEditorViewModel.cs(119,14): error CS0103: The name 'Categories' does not exist in the current context [C:\Users\giris\Documents\Code\Redesign-POS\Windows Based POS\Magidesk\Magidesk.Presentation.csproj]
C:\Users\giris\Documents\Code\Redesign-POS\Windows Based POS\Magidesk\ViewModels\MenuEditorViewModel.cs(122,14): error CS0103: The name 'StatusMessage' does not exist in the current context [C:\Users\giris\Documents\Code\Redesign-POS\Windows Based POS\Magidesk\Magidesk.Presentation.csproj]
C:\Users\giris\Documents\Code\Redesign-POS\Windows Based POS\Magidesk\ViewModels\MenuEditorViewModel.cs(137,13): error CS0103: The name 'Categories' does not exist in the current context [C:\Users\giris\Documents\Code\Redesign-POS\Windows Based POS\Magidesk\Magidesk.Presentation.csproj]
C:\Users\giris\Documents\Code\Redesign-POS\Windows Based POS\Magidesk\ViewModels\MenuEditorViewModel.cs(139,13): error CS0103: The name 'StatusMessage' does not exist in the current context [C:\Users\giris\Documents\Code\Redesign-POS\Windows Based POS\Magidesk\Magidesk.Presentation.csproj]
C:\Users\giris\Documents\Code\Redesign-POS\Windows Based POS\Magidesk\ViewModels\OrderEntryViewModel.cs(263,26): warning CS0168: The variable 'ex' is declared but never used [C:\Users\giris\Documents\Code\Redesign-POS\Windows Based POS\Magidesk\Magidesk.Presentation.csproj]
C:\Users\giris\.nuget\packages\microsoft.windowsappsdk.winui\1.8.251105000\buildTransitive\Microsoft.UI.Xaml.Markup.Compiler.interop.targets(845,9): error MSB3073: The command ""C:\Users\giris\.nuget\packages\microsoft.windowsappsdk.winui\1.8.251105000\buildTransitive\..\tools\net6.0\..\net472\XamlCompiler.exe" "obj\Debug\net8.0-windows10.0.19041.0\\input.json" "obj\Debug\net8.0-windows10.0.19041.0\\output.json"" exited with code 1. [C:\Users\giris\Documents\Code\Redesign-POS\Windows Based POS\Magidesk\Magidesk.Presentation.csproj]

Build FAILED.

C:\Users\giris\Documents\Code\Redesign-POS\Windows Based POS\Magidesk\ViewModels\TableMapViewModel.cs(6,7): warning CS0105: The using directive for 'Magidesk.Application.Queries' appeared previously in this namespace [C:\Users\giris\Documents\Code\Redesign-POS\Windows Based POS\Magidesk\Magidesk.Presentation.csproj]
C:\Users\giris\Documents\Code\Redesign-POS\Windows Based POS\Magidesk\ViewModels\TableMapViewModel.cs(7,7): warning CS0105: The using directive for 'Magidesk.Application.Commands' appeared previously in this namespace [C:\Users\giris\Documents\Code\Redesign-POS\Windows Based POS\Magidesk\Magidesk.Presentation.csproj]
C:\Users\giris\Documents\Code\Redesign-POS\Windows Based POS\Magidesk\ViewModels\BackOfficeViewModel.cs(28,12): warning CS8618: Non-nullable field '_currentPageType' must contain a non-null value when exiting constructor. Consider adding the 'required' modifier or declaring the field as nullable. [C:\Users\giris\Documents\Code\Redesign-POS\Windows Based POS\Magidesk\Magidesk.Presentation.csproj]
C:\Users\giris\Documents\Code\Redesign-POS\Windows Based POS\Magidesk\Views\BackOfficePage.xaml.cs(15,21): warning CS8601: Possible null reference assignment. [C:\Users\giris\Documents\Code\Redesign-POS\Windows Based POS\Magidesk\Magidesk.Presentation.csproj]
C:\Users\giris\Documents\Code\Redesign-POS\Windows Based POS\Magidesk\Views\BackOfficePage.xaml.cs(12,12): warning CS8618: Non-nullable property 'ViewModel' must contain a non-null value when exiting constructor. Consider adding the 'required' modifier or declaring the property as nullable. [C:\Users\giris\Documents\Code\Redesign-POS\Windows Based POS\Magidesk\Magidesk.Presentation.csproj]
C:\Users\giris\Documents\Code\Redesign-POS\Windows Based POS\Magidesk\Views\MenuEditorPage.xaml.cs(15,21): warning CS8601: Possible null reference assignment. [C:\Users\giris\Documents\Code\Redesign-POS\Windows Based POS\Magidesk\Magidesk.Presentation.csproj]
C:\Users\giris\Documents\Code\Redesign-POS\Windows Based POS\Magidesk\Views\MenuEditorPage.xaml.cs(12,12): warning CS8618: Non-nullable property 'ViewModel' must contain a non-null value when exiting constructor. Consider adding the 'required' modifier or declaring the property as nullable. [C:\Users\giris\Documents\Code\Redesign-POS\Windows Based POS\Magidesk\Magidesk.Presentation.csproj]
C:\Users\giris\Documents\Code\Redesign-POS\Windows Based POS\Magidesk\ViewModels\OrderEntryViewModel.cs(263,26): warning CS0168: The variable 'ex' is declared but never used [C:\Users\giris\Documents\Code\Redesign-POS\Windows Based POS\Magidesk\Magidesk.Presentation.csproj]
C:\Users\giris\Documents\Code\Redesign-POS\Windows Based POS\Magidesk\Views\MenuEditorPage.xaml.cs(21,23): error CS1061: 'MenuEditorViewModel' does not contain a definition for 'LoadDataCommand' and no accessible extension method 'LoadDataCommand' accepting a first argument of type 'MenuEditorViewModel' could be found (are you missing a using directive or an assembly reference?) [C:\Users\giris\Documents\Code\Redesign-POS\Windows Based POS\Magidesk\Magidesk.Presentation.csproj]
C:\Users\giris\Documents\Code\Redesign-POS\Windows Based POS\Magidesk\Views\MenuEditorPage.xaml.cs(23,23): error CS1061: 'MenuEditorViewModel' does not contain a definition for 'LoadDataCommand' and no accessible extension method 'LoadDataCommand' accepting a first argument of type 'MenuEditorViewModel' could be found (are you missing a using directive or an assembly reference?) [C:\Users\giris\Documents\Code\Redesign-POS\Windows Based POS\Magidesk\Magidesk.Presentation.csproj]
C:\Users\giris\Documents\Code\Redesign-POS\Windows Based POS\Magidesk\ViewModels\MenuEditorViewModel.cs(45,21): error CS0103: The name 'StatusMessage' does not exist in the current context [C:\Users\giris\Documents\Code\Redesign-POS\Windows Based POS\Magidesk\Magidesk.Presentation.csproj]
C:\Users\giris\Documents\Code\Redesign-POS\Windows Based POS\Magidesk\ViewModels\MenuEditorViewModel.cs(49,21): error CS0103: The name 'StatusMessage' does not exist in the current context [C:\Users\giris\Documents\Code\Redesign-POS\Windows Based POS\Magidesk\Magidesk.Presentation.csproj]
C:\Users\giris\Documents\Code\Redesign-POS\Windows Based POS\Magidesk\ViewModels\MenuEditorViewModel.cs(74,9): error CS0103: The name 'LoadDataCommand' does not exist in the current context [C:\Users\giris\Documents\Code\Redesign-POS\Windows Based POS\Magidesk\Magidesk.Presentation.csproj]
C:\Users\giris\Documents\Code\Redesign-POS\Windows Based POS\Magidesk\ViewModels\MenuEditorViewModel.cs(74,49): error CS0103: The name 'LoadDataAsync' does not exist in the current context [C:\Users\giris\Documents\Code\Redesign-POS\Windows Based POS\Magidesk\Magidesk.Presentation.csproj]
C:\Users\giris\Documents\Code\Redesign-POS\Windows Based POS\Magidesk\ViewModels\MenuEditorViewModel.cs(75,9): error CS0103: The name 'AddCategoryCommand' does not exist in the current context [C:\Users\giris\Documents\Code\Redesign-POS\Windows Based POS\Magidesk\Magidesk.Presentation.csproj]
C:\Users\giris\Documents\Code\Redesign-POS\Windows Based POS\Magidesk\ViewModels\MenuEditorViewModel.cs(78,9): error CS0103: The name 'AddGroupCommand' does not exist in the current context [C:\Users\giris\Documents\Code\Redesign-POS\Windows Based POS\Magidesk\Magidesk.Presentation.csproj]
C:\Users\giris\Documents\Code\Redesign-POS\Windows Based POS\Magidesk\ViewModels\MenuEditorViewModel.cs(78,50): error CS0103: The name 'StatusMessage' does not exist in the current context [C:\Users\giris\Documents\Code\Redesign-POS\Windows Based POS\Magidesk\Magidesk.Presentation.csproj]
C:\Users\giris\Documents\Code\Redesign-POS\Windows Based POS\Magidesk\ViewModels\MenuEditorViewModel.cs(79,9): error CS0103: The name 'AddItemCommand' does not exist in the current context [C:\Users\giris\Documents\Code\Redesign-POS\Windows Based POS\Magidesk\Magidesk.Presentation.csproj]
C:\Users\giris\Documents\Code\Redesign-POS\Windows Based POS\Magidesk\ViewModels\MenuEditorViewModel.cs(79,49): error CS0103: The name 'StatusMessage' does not exist in the current context [C:\Users\giris\Documents\Code\Redesign-POS\Windows Based POS\Magidesk\Magidesk.Presentation.csproj]
C:\Users\giris\Documents\Code\Redesign-POS\Windows Based POS\Magidesk\ViewModels\MenuEditorViewModel.cs(102,13): error CS0103: The name 'StatusMessage' does not exist in the current context [C:\Users\giris\Documents\Code\Redesign-POS\Windows Based POS\Magidesk\Magidesk.Presentation.csproj]
C:\Users\giris\Documents\Code\Redesign-POS\Windows Based POS\Magidesk\ViewModels\MenuEditorViewModel.cs(106,13): error CS0103: The name 'StatusMessage' does not exist in the current context [C:\Users\giris\Documents\Code\Redesign-POS\Windows Based POS\Magidesk\Magidesk.Presentation.csproj]
C:\Users\giris\Documents\Code\Redesign-POS\Windows Based POS\Magidesk\ViewModels\MenuEditorViewModel.cs(119,14): error CS0103: The name 'Categories' does not exist in the current context [C:\Users\giris\Documents\Code\Redesign-POS\Windows Based POS\Magidesk\Magidesk.Presentation.csproj]
C:\Users\giris\Documents\Code\Redesign-POS\Windows Based POS\Magidesk\ViewModels\MenuEditorViewModel.cs(122,14): error CS0103: The name 'StatusMessage' does not exist in the current context [C:\Users\giris\Documents\Code\Redesign-POS\Windows Based POS\Magidesk\Magidesk.Presentation.csproj]
C:\Users\giris\Documents\Code\Redesign-POS\Windows Based POS\Magidesk\ViewModels\MenuEditorViewModel.cs(137,13): error CS0103: The name 'Categories' does not exist in the current context [C:\Users\giris\Documents\Code\Redesign-POS\Windows Based POS\Magidesk\Magidesk.Presentation.csproj]
C:\Users\giris\Documents\Code\Redesign-POS\Windows Based POS\Magidesk\ViewModels\MenuEditorViewModel.cs(139,13): error CS0103: The name 'StatusMessage' does not exist in the current context [C:\Users\giris\Documents\Code\Redesign-POS\Windows Based POS\Magidesk\Magidesk.Presentation.csproj]
C:\Users\giris\.nuget\packages\microsoft.windowsappsdk.winui\1.8.251105000\buildTransitive\Microsoft.UI.Xaml.Markup.Compiler.interop.targets(845,9): error MSB3073: The command ""C:\Users\giris\.nuget\packages\microsoft.windowsappsdk.winui\1.8.251105000\buildTransitive\..\tools\net6.0\..\net472\XamlCompiler.exe" "obj\Debug\net8.0-windows10.0.19041.0\\input.json" "obj\Debug\net8.0-windows10.0.19041.0\\output.json"" exited with code 1. [C:\Users\giris\Documents\Code\Redesign-POS\Windows Based POS\Magidesk\Magidesk.Presentation.csproj]
    8 Warning(s)
    18 Error(s)

Time Elapsed 00:00:03.08
