  Determining projects to restore...
  All projects are up-to-date for restore.
  Magidesk.Domain -> C:\Users\giris\Documents\Code\Redesign-POS\Windows Based POS\Magidesk\Magidesk.Domain\bin\Debug\net8.0\Magidesk.Domain.dll
  Magidesk.Application -> C:\Users\giris\Documents\Code\Redesign-POS\Windows Based POS\Magidesk\Magidesk.Application\bin\Debug\net8.0\Magidesk.Application.dll
  Magidesk.Infrastructure -> C:\Users\giris\Documents\Code\Redesign-POS\Windows Based POS\Magidesk\Magidesk.Infrastructure\bin\Debug\net8.0\Magidesk.Infrastructure.dll
C:\Users\giris\Documents\Code\Redesign-POS\Windows Based POS\Magidesk\ViewModels\RelayCommandOfT.cs(5,21): error CS0101: The namespace 'Magidesk.Presentation.ViewModels' already contains a definition for 'RelayCommand' [C:\Users\giris\Documents\Code\Redesign-POS\Windows Based POS\Magidesk\Magidesk.Presentation.csproj]
C:\Users\giris\Documents\Code\Redesign-POS\Windows Based POS\Magidesk\ViewModels\LoginViewModel.cs(54,17): warning CS0108: 'LoginViewModel.IsBusy' hides inherited member 'ViewModelBase.IsBusy'. Use the new keyword if hiding was intended. [C:\Users\giris\Documents\Code\Redesign-POS\Windows Based POS\Magidesk\Magidesk.Presentation.csproj]
C:\Users\giris\Documents\Code\Redesign-POS\Windows Based POS\Magidesk\ViewModels\RelayCommandOfT.cs(18,17): error CS0111: Type 'RelayCommand<T>' already defines a member called 'CanExecute' with the same parameter types [C:\Users\giris\Documents\Code\Redesign-POS\Windows Based POS\Magidesk\Magidesk.Presentation.csproj]
C:\Users\giris\Documents\Code\Redesign-POS\Windows Based POS\Magidesk\ViewModels\RelayCommandOfT.cs(41,17): error CS0111: Type 'RelayCommand<T>' already defines a member called 'Execute' with the same parameter types [C:\Users\giris\Documents\Code\Redesign-POS\Windows Based POS\Magidesk\Magidesk.Presentation.csproj]
C:\Users\giris\Documents\Code\Redesign-POS\Windows Based POS\Magidesk\ViewModels\RelayCommandOfT.cs(65,17): error CS0111: Type 'RelayCommand<T>' already defines a member called 'RaiseCanExecuteChanged' with the same parameter types [C:\Users\giris\Documents\Code\Redesign-POS\Windows Based POS\Magidesk\Magidesk.Presentation.csproj]
C:\Users\giris\.nuget\packages\microsoft.windowsappsdk.winui\1.8.251105000\buildTransitive\Microsoft.UI.Xaml.Markup.Compiler.interop.targets(845,9): error MSB3073: The command ""C:\Users\giris\.nuget\packages\microsoft.windowsappsdk.winui\1.8.251105000\buildTransitive\..\tools\net6.0\..\net472\XamlCompiler.exe" "obj\Debug\net8.0-windows10.0.19041.0\\input.json" "obj\Debug\net8.0-windows10.0.19041.0\\output.json"" exited with code 1. [C:\Users\giris\Documents\Code\Redesign-POS\Windows Based POS\Magidesk\Magidesk.Presentation.csproj]

Build FAILED.

C:\Users\giris\Documents\Code\Redesign-POS\Windows Based POS\Magidesk\ViewModels\LoginViewModel.cs(54,17): warning CS0108: 'LoginViewModel.IsBusy' hides inherited member 'ViewModelBase.IsBusy'. Use the new keyword if hiding was intended. [C:\Users\giris\Documents\Code\Redesign-POS\Windows Based POS\Magidesk\Magidesk.Presentation.csproj]
C:\Users\giris\Documents\Code\Redesign-POS\Windows Based POS\Magidesk\ViewModels\RelayCommandOfT.cs(5,21): error CS0101: The namespace 'Magidesk.Presentation.ViewModels' already contains a definition for 'RelayCommand' [C:\Users\giris\Documents\Code\Redesign-POS\Windows Based POS\Magidesk\Magidesk.Presentation.csproj]
C:\Users\giris\Documents\Code\Redesign-POS\Windows Based POS\Magidesk\ViewModels\RelayCommandOfT.cs(18,17): error CS0111: Type 'RelayCommand<T>' already defines a member called 'CanExecute' with the same parameter types [C:\Users\giris\Documents\Code\Redesign-POS\Windows Based POS\Magidesk\Magidesk.Presentation.csproj]
C:\Users\giris\Documents\Code\Redesign-POS\Windows Based POS\Magidesk\ViewModels\RelayCommandOfT.cs(41,17): error CS0111: Type 'RelayCommand<T>' already defines a member called 'Execute' with the same parameter types [C:\Users\giris\Documents\Code\Redesign-POS\Windows Based POS\Magidesk\Magidesk.Presentation.csproj]
C:\Users\giris\Documents\Code\Redesign-POS\Windows Based POS\Magidesk\ViewModels\RelayCommandOfT.cs(65,17): error CS0111: Type 'RelayCommand<T>' already defines a member called 'RaiseCanExecuteChanged' with the same parameter types [C:\Users\giris\Documents\Code\Redesign-POS\Windows Based POS\Magidesk\Magidesk.Presentation.csproj]
C:\Users\giris\.nuget\packages\microsoft.windowsappsdk.winui\1.8.251105000\buildTransitive\Microsoft.UI.Xaml.Markup.Compiler.interop.targets(845,9): error MSB3073: The command ""C:\Users\giris\.nuget\packages\microsoft.windowsappsdk.winui\1.8.251105000\buildTransitive\..\tools\net6.0\..\net472\XamlCompiler.exe" "obj\Debug\net8.0-windows10.0.19041.0\\input.json" "obj\Debug\net8.0-windows10.0.19041.0\\output.json"" exited with code 1. [C:\Users\giris\Documents\Code\Redesign-POS\Windows Based POS\Magidesk\Magidesk.Presentation.csproj]
    1 Warning(s)
    5 Error(s)

Time Elapsed 00:00:03.73
