  Determining projects to restore...
  All projects are up-to-date for restore.
  Magidesk.Domain -> C:\Users\giris\Documents\Code\Redesign-POS\Windows Based POS\Magidesk\Magidesk.Domain\bin\Debug\net8.0\Magidesk.Domain.dll
  Magidesk.Domain.Tests -> C:\Users\giris\Documents\Code\Redesign-POS\Windows Based POS\Magidesk\Magidesk.Domain.Tests\bin\Debug\net8.0\Magidesk.Domain.Tests.dll
C:\Users\giris\Documents\Code\Redesign-POS\Windows Based POS\Magidesk\Magidesk.Application\DependencyInjection\ServiceCollectionExtensions.cs(4,7): warning CS0105: The using directive for 'Magidesk.Application.Interfaces' appeared previously in this namespace [C:\Users\giris\Documents\Code\Redesign-POS\Windows Based POS\Magidesk\Magidesk.Application\Magidesk.Application.csproj]
C:\Users\giris\Documents\Code\Redesign-POS\Windows Based POS\Magidesk\Magidesk.Application\Services\AddOrderLineComboCommandHandler.cs(12,7): warning CS0105: The using directive for 'Magidesk.Domain.Entities' appeared previously in this namespace [C:\Users\giris\Documents\Code\Redesign-POS\Windows Based POS\Magidesk\Magidesk.Application\Magidesk.Application.csproj]
C:\Users\giris\Documents\Code\Redesign-POS\Windows Based POS\Magidesk\Magidesk.Application\Interfaces\IPrintingService.cs(8,66): warning CS8625: Cannot convert null literal to non-nullable reference type. [C:\Users\giris\Documents\Code\Redesign-POS\Windows Based POS\Magidesk\Magidesk.Application\Magidesk.Application.csproj]
C:\Users\giris\Documents\Code\Redesign-POS\Windows Based POS\Magidesk\Magidesk.Application\Interfaces\ISystemInitializationService.cs(13,23): warning CS8618: Non-nullable property 'Message' must contain a non-null value when exiting constructor. Consider adding the 'required' modifier or declaring the property as nullable. [C:\Users\giris\Documents\Code\Redesign-POS\Windows Based POS\Magidesk\Magidesk.Application\Magidesk.Application.csproj]
C:\Users\giris\Documents\Code\Redesign-POS\Windows Based POS\Magidesk\Magidesk.Application\Commands\ChangeTableCommand.cs(10,19): warning CS8618: Non-nullable property 'UserId' must contain a non-null value when exiting constructor. Consider adding the 'required' modifier or declaring the property as nullable. [C:\Users\giris\Documents\Code\Redesign-POS\Windows Based POS\Magidesk\Magidesk.Application\Magidesk.Application.csproj]
C:\Users\giris\Documents\Code\Redesign-POS\Windows Based POS\Magidesk\Magidesk.Application\Commands\ClockCommands.cs(10,19): warning CS8618: Non-nullable property 'UserId' must contain a non-null value when exiting constructor. Consider adding the 'required' modifier or declaring the property as nullable. [C:\Users\giris\Documents\Code\Redesign-POS\Windows Based POS\Magidesk\Magidesk.Application\Magidesk.Application.csproj]
C:\Users\giris\Documents\Code\Redesign-POS\Windows Based POS\Magidesk\Magidesk.Application\Commands\ClockCommands.cs(18,19): warning CS8618: Non-nullable property 'UserId' must contain a non-null value when exiting constructor. Consider adding the 'required' modifier or declaring the property as nullable. [C:\Users\giris\Documents\Code\Redesign-POS\Windows Based POS\Magidesk\Magidesk.Application\Magidesk.Application.csproj]
C:\Users\giris\Documents\Code\Redesign-POS\Windows Based POS\Magidesk\Magidesk.Application\Services\DeliveryCommandHandlers.cs(155,30): warning CS0168: The variable 'ex' is declared but never used [C:\Users\giris\Documents\Code\Redesign-POS\Windows Based POS\Magidesk\Magidesk.Application\Magidesk.Application.csproj]
C:\Users\giris\Documents\Code\Redesign-POS\Windows Based POS\Magidesk\Magidesk.Application\Services\ModifyOrderLineCommandHandler.cs(59,21): error CS0103: The name 'Money' does not exist in the current context [C:\Users\giris\Documents\Code\Redesign-POS\Windows Based POS\Magidesk\Magidesk.Application\Magidesk.Application.csproj]
C:\Users\giris\Documents\Code\Redesign-POS\Windows Based POS\Magidesk\Magidesk.Application\Services\ModifyOrderLineCommandHandler.cs(60,21): error CS0103: The name 'Money' does not exist in the current context [C:\Users\giris\Documents\Code\Redesign-POS\Windows Based POS\Magidesk\Magidesk.Application\Magidesk.Application.csproj]
C:\Users\giris\Documents\Code\Redesign-POS\Windows Based POS\Magidesk\Magidesk.Application\Services\GroupSettleService.cs(106,71): warning CS8602: Dereference of a possibly null reference. [C:\Users\giris\Documents\Code\Redesign-POS\Windows Based POS\Magidesk\Magidesk.Application\Magidesk.Application.csproj]
C:\Users\giris\Documents\Code\Redesign-POS\Windows Based POS\Magidesk\Magidesk.Application\Services\GroupSettleService.cs(108,18): warning CS8602: Dereference of a possibly null reference. [C:\Users\giris\Documents\Code\Redesign-POS\Windows Based POS\Magidesk\Magidesk.Application\Magidesk.Application.csproj]

Build FAILED.

C:\Users\giris\Documents\Code\Redesign-POS\Windows Based POS\Magidesk\Magidesk.Application\DependencyInjection\ServiceCollectionExtensions.cs(4,7): warning CS0105: The using directive for 'Magidesk.Application.Interfaces' appeared previously in this namespace [C:\Users\giris\Documents\Code\Redesign-POS\Windows Based POS\Magidesk\Magidesk.Application\Magidesk.Application.csproj]
C:\Users\giris\Documents\Code\Redesign-POS\Windows Based POS\Magidesk\Magidesk.Application\Services\AddOrderLineComboCommandHandler.cs(12,7): warning CS0105: The using directive for 'Magidesk.Domain.Entities' appeared previously in this namespace [C:\Users\giris\Documents\Code\Redesign-POS\Windows Based POS\Magidesk\Magidesk.Application\Magidesk.Application.csproj]
C:\Users\giris\Documents\Code\Redesign-POS\Windows Based POS\Magidesk\Magidesk.Application\Interfaces\IPrintingService.cs(8,66): warning CS8625: Cannot convert null literal to non-nullable reference type. [C:\Users\giris\Documents\Code\Redesign-POS\Windows Based POS\Magidesk\Magidesk.Application\Magidesk.Application.csproj]
C:\Users\giris\Documents\Code\Redesign-POS\Windows Based POS\Magidesk\Magidesk.Application\Interfaces\ISystemInitializationService.cs(13,23): warning CS8618: Non-nullable property 'Message' must contain a non-null value when exiting constructor. Consider adding the 'required' modifier or declaring the property as nullable. [C:\Users\giris\Documents\Code\Redesign-POS\Windows Based POS\Magidesk\Magidesk.Application\Magidesk.Application.csproj]
C:\Users\giris\Documents\Code\Redesign-POS\Windows Based POS\Magidesk\Magidesk.Application\Commands\ChangeTableCommand.cs(10,19): warning CS8618: Non-nullable property 'UserId' must contain a non-null value when exiting constructor. Consider adding the 'required' modifier or declaring the property as nullable. [C:\Users\giris\Documents\Code\Redesign-POS\Windows Based POS\Magidesk\Magidesk.Application\Magidesk.Application.csproj]
C:\Users\giris\Documents\Code\Redesign-POS\Windows Based POS\Magidesk\Magidesk.Application\Commands\ClockCommands.cs(10,19): warning CS8618: Non-nullable property 'UserId' must contain a non-null value when exiting constructor. Consider adding the 'required' modifier or declaring the property as nullable. [C:\Users\giris\Documents\Code\Redesign-POS\Windows Based POS\Magidesk\Magidesk.Application\Magidesk.Application.csproj]
C:\Users\giris\Documents\Code\Redesign-POS\Windows Based POS\Magidesk\Magidesk.Application\Commands\ClockCommands.cs(18,19): warning CS8618: Non-nullable property 'UserId' must contain a non-null value when exiting constructor. Consider adding the 'required' modifier or declaring the property as nullable. [C:\Users\giris\Documents\Code\Redesign-POS\Windows Based POS\Magidesk\Magidesk.Application\Magidesk.Application.csproj]
C:\Users\giris\Documents\Code\Redesign-POS\Windows Based POS\Magidesk\Magidesk.Application\Services\DeliveryCommandHandlers.cs(155,30): warning CS0168: The variable 'ex' is declared but never used [C:\Users\giris\Documents\Code\Redesign-POS\Windows Based POS\Magidesk\Magidesk.Application\Magidesk.Application.csproj]
C:\Users\giris\Documents\Code\Redesign-POS\Windows Based POS\Magidesk\Magidesk.Application\Services\GroupSettleService.cs(106,71): warning CS8602: Dereference of a possibly null reference. [C:\Users\giris\Documents\Code\Redesign-POS\Windows Based POS\Magidesk\Magidesk.Application\Magidesk.Application.csproj]
C:\Users\giris\Documents\Code\Redesign-POS\Windows Based POS\Magidesk\Magidesk.Application\Services\GroupSettleService.cs(108,18): warning CS8602: Dereference of a possibly null reference. [C:\Users\giris\Documents\Code\Redesign-POS\Windows Based POS\Magidesk\Magidesk.Application\Magidesk.Application.csproj]
C:\Users\giris\Documents\Code\Redesign-POS\Windows Based POS\Magidesk\Magidesk.Application\Services\ModifyOrderLineCommandHandler.cs(59,21): error CS0103: The name 'Money' does not exist in the current context [C:\Users\giris\Documents\Code\Redesign-POS\Windows Based POS\Magidesk\Magidesk.Application\Magidesk.Application.csproj]
C:\Users\giris\Documents\Code\Redesign-POS\Windows Based POS\Magidesk\Magidesk.Application\Services\ModifyOrderLineCommandHandler.cs(60,21): error CS0103: The name 'Money' does not exist in the current context [C:\Users\giris\Documents\Code\Redesign-POS\Windows Based POS\Magidesk\Magidesk.Application\Magidesk.Application.csproj]
    10 Warning(s)
    2 Error(s)

Time Elapsed 00:00:00.72
